<html>
<head>
<title>TestNG:  LoginRunner</title>
<link href="../testng.css" rel="stylesheet" type="text/css" />
<link href="../my-testng.css" rel="stylesheet" type="text/css" />

<style type="text/css">
.log { display: none;} 
.stack-trace { display: none;} 
</style>
<script type="text/javascript">
<!--
function flip(e) {
  current = e.style.display;
  if (current == 'block') {
    e.style.display = 'none';
    return 0;
  }
  else {
    e.style.display = 'block';
    return 1;
  }
}

function toggleBox(szDivId, elem, msg1, msg2)
{
  var res = -1;  if (document.getElementById) {
    res = flip(document.getElementById(szDivId));
  }
  else if (document.all) {
    // this is the way old msie versions work
    res = flip(document.all[szDivId]);
  }
  if(elem) {
    if(res == 0) elem.innerHTML = msg1; else elem.innerHTML = msg2;
  }

}

function toggleAllBoxes() {
  if (document.getElementsByTagName) {
    d = document.getElementsByTagName('div');
    for (i = 0; i < d.length; i++) {
      if (d[i].className == 'log') {
        flip(d[i]);
      }
    }
  }
}

// -->
</script>

</head>
<body>
<h2 align='center'>LoginRunner</h2><table border='1' align="center">
<tr>
<td>Tests passed/Failed/Skipped:</td><td>0/1/0</td>
</tr><tr>
<td>Started on:</td><td>Sat Nov 20 21:46:51 IST 2021</td>
</tr>
<tr><td>Total time:</td><td>32 seconds (32021 ms)</td>
</tr><tr>
<td>Included groups:</td><td></td>
</tr><tr>
<td>Excluded groups:</td><td></td>
</tr>
</table><p/>
<small><i>(Hover the method name to see the test class name)</i></small><p/>
<table width='100%' border='1' class='invocation-failed'>
<tr><td colspan='4' align='center'><b>FAILED TESTS</b></td></tr>
<tr><td><b>Test method</b></td>
<td width="30%"><b>Exception</b></td>
<td width="10%"><b>Time (seconds)</b></td>
<td><b>Instance</b></td>
</tr>
<tr>
<td title='com.cucumber.TestRunner.LoginRunner.feature()'><b>feature</b><br>Test class: com.cucumber.TestRunner.LoginRunner<br>Test method: Runs Cucumber Feature<br>Parameters: Login with Valid Credentials<br/>
<a href="#Output-1871580398" onClick='toggleBox("Output-1871580398", this, "Show output", "Hide output");'>Show output</a>

<a href="#Output-1871580398" onClick="toggleAllBoxes();">Show all outputs</a>
<div class='log' id="Output-1871580398">
Completed executing following method : AbstractTestNGCucumberTests.feature<br/>
Test Method resides in com.cucumber.TestRunner.LoginRunner<br/>
Test Method had the following parameters : nullLogin with Valid Credentials,<br/>
Test Status: Failed<br/>
</div>
</td>
<td><div><pre>cucumber.runtime.CucumberException: cucumber.runtime.CucumberException: Arity mismatch: Step Definition &apos;com.cucumber.stepdefination.LoginSteps.User_enters_username_and_password(String,String) in file:/C:/Users/jayal/eclipse-workspace/EdisonLearningLearnNow/target/test-classes/&apos; with pattern [^User enters Credentials to LogIn$] is declared with 2 parameters. However, the gherkin step has 1 arguments [Table:[[Username, Password], [magic.hs4, welcome]]]. 
Step: When User enters Credentials to LogIn
	at cucumber.api.testng.TestNGCucumberRunner.runCucumber(TestNGCucumberRunner.java:69)
	at cucumber.api.testng.AbstractTestNGCucumberTests.feature(AbstractTestNGCucumberTests.java:21)
Caused by: cucumber.runtime.CucumberException: Arity mismatch: Step Definition &apos;com.cucumber.stepdefination.LoginSteps.User_enters_username_and_password(String,String) in file:/C:/Users/jayal/eclipse-workspace/EdisonLearningLearnNow/target/test-classes/&apos; with pattern [^User enters Credentials to LogIn$] is declared with 2 parameters. However, the gherkin step has 1 arguments [Table:[[Username, Password], [magic.hs4, welcome]]]. 
Step: When User enters Credentials to LogIn
	at cucumber.runtime.StepDefinitionMatch.arityMismatch(StepDefinitionMatch.java:102)
	at cucumber.runtime.StepDefinitionMatch.transformedArgs(StepDefinitionMatch.java:60)
	at cucumber.runtime.StepDefinitionMatch.runStep(StepDefinitionMatch.java:37)
	at cucumber.runtime.Runtime.runStep(Runtime.java:300)
	at cucumber.runtime.model.StepContainer.runStep(StepContainer.java:44)
	at cucumber.runtime.model.StepContainer.runSteps(StepContainer.java:39)
	at cucumber.runtime.model.CucumberScenario.run(CucumberScenario.java:44)
	at cucumber.runtime.model.CucumberFeature.run(CucumberFeature.java:165)
	at cucumber.api.testng.TestNGCucumberRunner.runCucumber(TestNGCucumberRunner.java:63)
	... 25 more
... Removed 24 stack frames</pre></div><a href='#' onClick='toggleBox("stack-trace1871580398", this, "Click to show all stack frames", "Click to hide stack frames")'>Click to show all stack frames</a>
<div class='stack-trace' id='stack-trace1871580398'><pre>cucumber.runtime.CucumberException: cucumber.runtime.CucumberException: Arity mismatch: Step Definition &apos;com.cucumber.stepdefination.LoginSteps.User_enters_username_and_password(String,String) in file:/C:/Users/jayal/eclipse-workspace/EdisonLearningLearnNow/target/test-classes/&apos; with pattern [^User enters Credentials to LogIn$] is declared with 2 parameters. However, the gherkin step has 1 arguments [Table:[[Username, Password], [magic.hs4, welcome]]]. 
Step: When User enters Credentials to LogIn
	at cucumber.api.testng.TestNGCucumberRunner.runCucumber(TestNGCucumberRunner.java:69)
	at cucumber.api.testng.AbstractTestNGCucumberTests.feature(AbstractTestNGCucumberTests.java:21)
	at sun.reflect.NativeMethodAccessorImpl.invoke0(Native Method)
	at sun.reflect.NativeMethodAccessorImpl.invoke(NativeMethodAccessorImpl.java:62)
	at sun.reflect.DelegatingMethodAccessorImpl.invoke(DelegatingMethodAccessorImpl.java:43)
	at java.lang.reflect.Method.invoke(Method.java:498)
	at org.testng.internal.MethodInvocationHelper.invokeMethod(MethodInvocationHelper.java:86)
	at org.testng.internal.Invoker.invokeMethod(Invoker.java:643)
	at org.testng.internal.Invoker.invokeTestMethod(Invoker.java:820)
	at org.testng.internal.Invoker.invokeTestMethods(Invoker.java:1128)
	at org.testng.internal.TestMethodWorker.invokeTestMethods(TestMethodWorker.java:129)
	at org.testng.internal.TestMethodWorker.run(TestMethodWorker.java:112)
	at org.testng.TestRunner.privateRun(TestRunner.java:782)
	at org.testng.TestRunner.run(TestRunner.java:632)
	at org.testng.SuiteRunner.runTest(SuiteRunner.java:366)
	at org.testng.SuiteRunner.runSequentially(SuiteRunner.java:361)
	at org.testng.SuiteRunner.privateRun(SuiteRunner.java:319)
	at org.testng.SuiteRunner.run(SuiteRunner.java:268)
	at org.testng.SuiteRunnerWorker.runSuite(SuiteRunnerWorker.java:52)
	at org.testng.SuiteRunnerWorker.run(SuiteRunnerWorker.java:86)
	at org.testng.TestNG.runSuitesSequentially(TestNG.java:1244)
	at org.testng.TestNG.runSuitesLocally(TestNG.java:1169)
	at org.testng.TestNG.run(TestNG.java:1064)
	at org.testng.remote.AbstractRemoteTestNG.run(AbstractRemoteTestNG.java:115)
	at org.testng.remote.RemoteTestNG.initAndRun(RemoteTestNG.java:251)
	at org.testng.remote.RemoteTestNG.main(RemoteTestNG.java:77)
Caused by: cucumber.runtime.CucumberException: Arity mismatch: Step Definition &apos;com.cucumber.stepdefination.LoginSteps.User_enters_username_and_password(String,String) in file:/C:/Users/jayal/eclipse-workspace/EdisonLearningLearnNow/target/test-classes/&apos; with pattern [^User enters Credentials to LogIn$] is declared with 2 parameters. However, the gherkin step has 1 arguments [Table:[[Username, Password], [magic.hs4, welcome]]]. 
Step: When User enters Credentials to LogIn
	at cucumber.runtime.StepDefinitionMatch.arityMismatch(StepDefinitionMatch.java:102)
	at cucumber.runtime.StepDefinitionMatch.transformedArgs(StepDefinitionMatch.java:60)
	at cucumber.runtime.StepDefinitionMatch.runStep(StepDefinitionMatch.java:37)
	at cucumber.runtime.Runtime.runStep(Runtime.java:300)
	at cucumber.runtime.model.StepContainer.runStep(StepContainer.java:44)
	at cucumber.runtime.model.StepContainer.runSteps(StepContainer.java:39)
	at cucumber.runtime.model.CucumberScenario.run(CucumberScenario.java:44)
	at cucumber.runtime.model.CucumberFeature.run(CucumberFeature.java:165)
	at cucumber.api.testng.TestNGCucumberRunner.runCucumber(TestNGCucumberRunner.java:63)
	... 25 more
</pre></div></td>
<td>31</td>
<td>com.cucumber.TestRunner.LoginRunner@7e0b0338</td></tr>
</table><p>
</body>
</html>