<?xml version="1.0" encoding="UTF-8"?>
<!-- Generated by org.testng.reporters.JUnitXMLReporter -->
<testsuite hostname="DESKTOP-BSJ2SF7" name="LoginRunner" tests="1" failures="1" timestamp="20 Nov 2021 16:17:23 GMT" time="32.021" errors="0">
  <testcase name="feature" time="31.076" classname="com.cucumber.TestRunner.LoginRunner">
    <failure type="cucumber.runtime.CucumberException" message="cucumber.runtime.CucumberException: Arity mismatch: Step Definition &amp;apos;com.cucumber.stepdefination.LoginSteps.User_enters_username_and_password(String,String) in file:/C:/Users/jayal/eclipse-workspace/EdisonLearningLearnNow/target/test-classes/&amp;apos; with pattern [^User enters Credentials to LogIn$] is declared with 2 parameters. However, the gherkin step has 1 arguments [Table:[[Username, Password], [magic.hs4, welcome]]]. 
Step: When User enters Credentials to LogIn">
      <![CDATA[cucumber.runtime.CucumberException: cucumber.runtime.CucumberException: Arity mismatch: Step Definition 'com.cucumber.stepdefination.LoginSteps.User_enters_username_and_password(String,String) in file:/C:/Users/jayal/eclipse-workspace/EdisonLearningLearnNow/target/test-classes/' with pattern [^User enters Credentials to LogIn$] is declared with 2 parameters. However, the gherkin step has 1 arguments [Table:[[Username, Password], [magic.hs4, welcome]]]. 
Step: When User enters Credentials to LogIn
	at cucumber.api.testng.TestNGCucumberRunner.runCucumber(TestNGCucumberRunner.java:69)
	at cucumber.api.testng.AbstractTestNGCucumberTests.feature(AbstractTestNGCucumberTests.java:21)
Caused by: cucumber.runtime.CucumberException: Arity mismatch: Step Definition 'com.cucumber.stepdefination.LoginSteps.User_enters_username_and_password(String,String) in file:/C:/Users/jayal/eclipse-workspace/EdisonLearningLearnNow/target/test-classes/' with pattern [^User enters Credentials to LogIn$] is declared with 2 parameters. However, the gherkin step has 1 arguments [Table:[[Username, Password], [magic.hs4, welcome]]]. 
Step: When User enters Credentials to LogIn
	at cucumber.runtime.StepDefinitionMatch.arityMismatch(StepDefinitionMatch.java:102)
	at cucumber.runtime.StepDefinitionMatch.transformedArgs(StepDefinitionMatch.java:60)
	at cucumber.runtime.StepDefinitionMatch.runStep(StepDefinitionMatch.java:37)
	at cucumber.runtime.Runtime.runStep(Runtime.java:300)
	at cucumber.runtime.model.StepContainer.runStep(StepContainer.java:44)
	at cucumber.runtime.model.StepContainer.runSteps(StepContainer.java:39)
	at cucumber.runtime.model.CucumberScenario.run(CucumberScenario.java:44)
	at cucumber.runtime.model.CucumberFeature.run(CucumberFeature.java:165)
	at cucumber.api.testng.TestNGCucumberRunner.runCucumber(TestNGCucumberRunner.java:63)
	... 25 more
... Removed 24 stack frames]]>
    </failure>
  </testcase> <!-- feature -->
</testsuite> <!-- LoginRunner -->
