<?xml version="1.0" encoding="UTF-8"?>
<!-- Generated by org.testng.reporters.JUnitXMLReporter -->
<testsuite hostname="DESKTOP-DSBT63E" failures="0" tests="1" name="AdminApprovalSettingsChromeBrowser" time="0.531" errors="0" timestamp="11 Dec 2023 04:51:48 GMT">
  <testcase classname="com.cucumber.TestRunner.AdminApprovalSettingsRunner" name="@BeforeClass setUpClass" time="0.0">
    <failure type="cucumber.runtime.DuplicateStepDefinitionException" message="Duplicate step definitions in com.cucumber.stepdefination.AdminApprovalSettingsSteps.Click_On_Submit() in file:/C:/Users/admin/Desktop/LC_Automation/LC_Automation_Sravanthi/Learning%20Chain%20Automation/target/test-classes/ and com.cucumber.stepdefination.ApprovalSettingsSteps.Click_On_Submit() in file:/C:/Users/admin/Desktop/LC_Automation/LC_Automation_Sravanthi/Learning%20Chain%20Automation/target/test-classes/">
      <![CDATA[cucumber.runtime.DuplicateStepDefinitionException: Duplicate step definitions in com.cucumber.stepdefination.AdminApprovalSettingsSteps.Click_On_Submit() in file:/C:/Users/admin/Desktop/LC_Automation/LC_Automation_Sravanthi/Learning%20Chain%20Automation/target/test-classes/ and com.cucumber.stepdefination.ApprovalSettingsSteps.Click_On_Submit() in file:/C:/Users/admin/Desktop/LC_Automation/LC_Automation_Sravanthi/Learning%20Chain%20Automation/target/test-classes/
	at cucumber.runtime.RuntimeGlue.addStepDefinition(RuntimeGlue.java:33)
	at cucumber.runtime.java.JavaBackend.addStepDefinition(JavaBackend.java:151)
	at cucumber.runtime.java.MethodScanner.scan(MethodScanner.java:68)
	at cucumber.runtime.java.MethodScanner.scan(MethodScanner.java:41)
	at cucumber.runtime.java.JavaBackend.loadGlue(JavaBackend.java:86)
	at cucumber.runtime.Runtime.<init>(Runtime.java:92)
	at cucumber.runtime.Runtime.<init>(Runtime.java:70)
	at cucumber.runtime.Runtime.<init>(Runtime.java:66)
	at cucumber.api.testng.TestNGCucumberRunner.<init>(TestNGCucumberRunner.java:42)
	at cucumber.api.testng.AbstractTestNGCucumberTests.setUpClass(AbstractTestNGCucumberTests.java:16)
... Removed 24 stack frames]]>
    </failure>
  </testcase> <!-- @BeforeClass setUpClass -->
  <testcase classname="com.cucumber.TestRunner.AdminApprovalSettingsRunner" name="@BeforeClass beforeclass" time="0.0">
    <skipped/>
  </testcase> <!-- @BeforeClass beforeclass -->
  <testcase classname="com.cucumber.TestRunner.AdminApprovalSettingsRunner" name="@AfterClass testDownClass" time="0.0">
    <failure type="java.lang.NullPointerException">
      <![CDATA[java.lang.NullPointerException
	at com.cucumber.listener.Reporter.addScreenCaptureFromPath(Reporter.java:94)
	at com.cucumber.TestRunner.AdminApprovalSettingsRunner.testDownClass(AdminApprovalSettingsRunner.java:54)
... Removed 24 stack frames]]>
    </failure>
  </testcase> <!-- @AfterClass testDownClass -->
  <testcase classname="com.cucumber.TestRunner.AdminApprovalSettingsRunner" name="@AfterClass tearDownClass" time="0.0">
    <failure type="java.lang.NullPointerException">
      <![CDATA[java.lang.NullPointerException
	at cucumber.api.testng.AbstractTestNGCucumberTests.tearDownClass(AbstractTestNGCucumberTests.java:34)
... Removed 24 stack frames]]>
    </failure>
  </testcase> <!-- @AfterClass tearDownClass -->
  <testcase classname="com.cucumber.TestRunner.AdminApprovalSettingsRunner" name="feature" time="0.0">
    <skipped/>
  </testcase> <!-- feature -->
</testsuite> <!-- AdminApprovalSettingsChromeBrowser -->
